Сборка начата 06.03.2017 9:34:39.
     1>Проект "D:\Task\timetable\timetable\timetable.vcxproj" в узле 2 (целевые объекты Build).
     1>ClCompile:
         C:\Program Files (x86)\Microsoft Visual Studio 14.0\VC\bin\CL.exe /c /ZI /nologo /W3 /WX- /sdl /Od /Oy- /D WIN32 /D _DEBUG /D _CONSOLE /D _UNICODE /D UNICODE /Gm /EHsc /RTC1 /MDd /GS /fp:precise /Zc:wchar_t /Zc:forScope /Zc:inline /Fo"Debug\\" /Fd"Debug\vc140.pdb" /Gd /TP /analyze- /errorReport:prompt BL\BL.cpp Entity\Subject.cpp
         Subject.cpp
         BL.cpp
     1>d:\task\timetable\timetable\bl\bl.cpp(6): warning C4018: <: несоответствие типов со знаком и без знака
         Создание кода...
       Link:
         C:\Program Files (x86)\Microsoft Visual Studio 14.0\VC\bin\link.exe /ERRORREPORT:PROMPT /OUT:"D:\Task\timetable\Debug\timetable.exe" /INCREMENTAL /NOLOGO kernel32.lib user32.lib gdi32.lib winspool.lib comdlg32.lib advapi32.lib shell32.lib ole32.lib oleaut32.lib uuid.lib odbc32.lib odbccp32.lib /MANIFEST /MANIFESTUAC:"level='asInvoker' uiAccess='false'" /manifest:embed /Debug /PDB:"D:\Task\timetable\Debug\timetable.pdb" /SUBSYSTEM:CONSOLE /TLBID:1 /DYNAMICBASE /NXCOMPAT /IMPLIB:"D:\Task\timetable\Debug\timetable.lib" /MACHINE:X86 Debug\BL.obj
         Debug\Save_all_date.obj
         Debug\Groups.obj
         Debug\Rooms.obj
         Debug\Subject.obj
         Debug\Teacher.obj
         Debug\Source.obj
         timetable.vcxproj -> D:\Task\timetable\Debug\timetable.exe
     1>Сборка проекта "D:\Task\timetable\timetable\timetable.vcxproj" завершена (целевые объекты Build).

Сборка успешно завершена.

Затраченное время: 00:00:05.21
