Сборка начата 12.03.2017 16:14:56.
     1>Проект "D:\Task\team_05\timetable\timetable.vcxproj" в узле 2 (целевые объекты Build).
     1>ClCompile:
         C:\Program Files (x86)\Microsoft Visual Studio 14.0\VC\bin\x86_amd64\CL.exe /c /ZI /nologo /W3 /WX- /sdl /Od /D _DEBUG /D _CONSOLE /D _UNICODE /D UNICODE /Gm /EHsc /RTC1 /MDd /GS /fp:precise /Zc:wchar_t /Zc:forScope /Zc:inline /Fo"x64\Debug\\" /Fd"x64\Debug\vc140.pdb" /Gd /TP /errorReport:prompt Entity\Teacher.cpp Source.cpp
         Source.cpp
         Teacher.cpp
     1>d:\task\team_05\timetable\entity\teacher.cpp(40): warning C4267: return: преобразование из "size_t" в "int"; возможна потеря данных
         Создание кода...
       Link:
         C:\Program Files (x86)\Microsoft Visual Studio 14.0\VC\bin\x86_amd64\link.exe /ERRORREPORT:PROMPT /OUT:"D:\Task\team_05\x64\Debug\timetable.exe" /INCREMENTAL /NOLOGO kernel32.lib user32.lib gdi32.lib winspool.lib comdlg32.lib advapi32.lib shell32.lib ole32.lib oleaut32.lib uuid.lib odbc32.lib odbccp32.lib /MANIFEST /MANIFESTUAC:"level='asInvoker' uiAccess='false'" /manifest:embed /Debug /PDB:"D:\Task\team_05\x64\Debug\timetable.pdb" /SUBSYSTEM:CONSOLE /TLBID:1 /DYNAMICBASE /NXCOMPAT /IMPLIB:"D:\Task\team_05\x64\Debug\timetable.lib" /MACHINE:X64 x64\Debug\BL.obj
         x64\Debug\DTO_Teacher.obj
         x64\Debug\Groups.obj
         x64\Debug\Rooms.obj
         x64\Debug\Subject.obj
         x64\Debug\Teacher.obj
         x64\Debug\Source.obj
         timetable.vcxproj -> D:\Task\team_05\x64\Debug\timetable.exe
     1>Сборка проекта "D:\Task\team_05\timetable\timetable.vcxproj" завершена (целевые объекты Build).

Сборка успешно завершена.

Затраченное время: 00:00:01.14
